\BOOKMARK [1][]{section.1}{\376\377\000I\000n\000t\000r\000o\000d\000u\000c\000t\000i\000o\000n}{}% 1
\BOOKMARK [1][]{section.2}{\376\377\000R\000e\000l\000a\000t\000e\000d\000\040\000W\000o\000r\000k}{}% 2
\BOOKMARK [1][]{section.3}{\376\377\000M\000e\000t\000h\000o\000d\000o\000l\000o\000g\000y}{}% 3
\BOOKMARK [2][]{subsection.3.1}{\376\377\000D\000a\000t\000a\000s\000e\000t\000\040\000D\000e\000s\000c\000r\000i\000p\000t\000i\000o\000n}{section.3}% 4
\BOOKMARK [3][]{subsubsection.3.1.1}{\376\377\000D\000a\000t\000a\000\040\000S\000o\000u\000r\000c\000e\000\040\000a\000n\000d\000\040\000A\000c\000q\000u\000i\000s\000i\000t\000i\000o\000n\000\040\000P\000r\000o\000t\000o\000c\000o\000l\000\040}{subsection.3.1}% 5
\BOOKMARK [3][]{subsubsection.3.1.2}{\376\377\000D\000a\000t\000a\000s\000e\000t\000\040\000S\000t\000r\000u\000c\000t\000u\000r\000e}{subsection.3.1}% 6
\BOOKMARK [3][]{subsubsection.3.1.3}{\376\377\000M\000u\000l\000t\000i\000-\000S\000p\000e\000c\000i\000e\000s\000\040\000I\000m\000a\000g\000e\000s}{subsection.3.1}% 7
\BOOKMARK [2][]{subsection.3.2}{\376\377\000C\000l\000a\000s\000s\000\040\000M\000e\000r\000g\000i\000n\000g\000\040\000S\000t\000r\000a\000t\000e\000g\000y}{section.3}% 8
\BOOKMARK [2][]{subsection.3.3}{\376\377\000D\000a\000t\000a\000\040\000P\000r\000e\000p\000r\000o\000c\000e\000s\000s\000i\000n\000g\000\040\000a\000n\000d\000\040\000A\000u\000g\000m\000e\000n\000t\000a\000t\000i\000o\000n}{section.3}% 9
\BOOKMARK [3][]{subsubsection.3.3.1}{\376\377\000I\000m\000a\000g\000e\000\040\000P\000r\000e\000p\000r\000o\000c\000e\000s\000s\000i\000n\000g}{subsection.3.3}% 10
\BOOKMARK [3][]{subsubsection.3.3.2}{\376\377\000D\000a\000t\000a\000\040\000A\000u\000g\000m\000e\000n\000t\000a\000t\000i\000o\000n}{subsection.3.3}% 11
\BOOKMARK [2][]{subsection.3.4}{\376\377\000D\000e\000e\000p\000\040\000F\000e\000a\000t\000u\000r\000e\000\040\000E\000x\000t\000r\000a\000c\000t\000i\000o\000n}{section.3}% 12
\BOOKMARK [3][]{subsubsection.3.4.1}{\376\377\000R\000e\000s\000N\000e\000t\0005\0000}{subsection.3.4}% 13
\BOOKMARK [3][]{subsubsection.3.4.2}{\376\377\000E\000f\000f\000i\000c\000i\000e\000n\000t\000N\000e\000t\000B\0003}{subsection.3.4}% 14
\BOOKMARK [3][]{subsubsection.3.4.3}{\376\377\000D\000e\000n\000s\000e\000N\000e\000t\0001\0002\0001}{subsection.3.4}% 15
\BOOKMARK [2][]{subsection.3.5}{\376\377\000H\000a\000n\000d\000c\000r\000a\000f\000t\000e\000d\000\040\000F\000e\000a\000t\000u\000r\000e\000\040\000E\000x\000t\000r\000a\000c\000t\000i\000o\000n\000\040}{section.3}% 16
\BOOKMARK [3][]{subsubsection.3.5.1}{\376\377\000C\000o\000l\000o\000r\000\040\000F\000e\000a\000t\000u\000r\000e\000s}{subsection.3.5}% 17
\BOOKMARK [1][]{section.4}{\376\377\000R\000e\000s\000u\000l\000t\000\040\000A\000n\000a\000l\000y\000s\000i\000s}{}% 18
\BOOKMARK [2][]{subsection.4.1}{\376\377\000E\000x\000p\000e\000r\000i\000m\000e\000n\000t\000a\000l\000\040\000S\000e\000t\000u\000p\000\040\000S\000u\000m\000m\000a\000r\000y}{section.4}% 19
\BOOKMARK [2][]{subsection.4.2}{\376\377\000\040\000I\000n\000d\000i\000v\000i\000d\000u\000a\000l\000\040\000M\000o\000d\000e\000l\000\040\000P\000e\000r\000f\000o\000r\000m\000a\000n\000c\000e}{section.4}% 20
\BOOKMARK [2][]{subsection.4.3}{\376\377\000\040\000E\000n\000s\000e\000m\000b\000l\000e\000\040\000P\000e\000r\000f\000o\000r\000m\000a\000n\000c\000e\000\040}{section.4}% 21
\BOOKMARK [2][]{subsection.4.4}{\376\377\000C\000o\000n\000f\000u\000s\000i\000o\000n\000\040\000M\000a\000t\000r\000i\000x\000\040\000A\000n\000a\000l\000y\000s\000i\000s}{section.4}% 22
\BOOKMARK [2][]{subsection.4.5}{\376\377\000P\000e\000r\000-\000C\000l\000a\000s\000s\000\040\000P\000e\000r\000f\000o\000r\000m\000a\000n\000c\000e\000\040\000A\000n\000a\000l\000y\000s\000i\000s}{section.4}% 23
\BOOKMARK [3][]{subsubsection.4.5.1}{\376\377\000A\000n\000a\000l\000y\000s\000i\000s\000\040\000o\000f\000\040\000H\000i\000g\000h\000-\000P\000e\000r\000f\000o\000r\000m\000i\000n\000g\000\040\000C\000l\000a\000s\000s\000e\000s}{subsection.4.5}% 24
\BOOKMARK [3][]{subsubsection.4.5.2}{\376\377\000A\000n\000a\000l\000y\000s\000i\000s\000\040\000o\000f\000\040\000L\000o\000w\000e\000r\000-\000P\000e\000r\000f\000o\000r\000m\000i\000n\000g\000\040\000C\000l\000a\000s\000s\000e\000s}{subsection.4.5}% 25
\BOOKMARK [2][]{subsection.4.6}{\376\377\000A\000b\000l\000a\000t\000i\000o\000n\000\040\000S\000t\000u\000d\000y\000:\000\040\000C\000o\000n\000t\000r\000i\000b\000u\000t\000i\000o\000n\000\040\000o\000f\000\040\000F\000e\000a\000t\000u\000r\000e\000\040\000G\000r\000o\000u\000p\000s}{section.4}% 26
\BOOKMARK [3][]{subsubsection.4.6.1}{\376\377\000\040\000K\000e\000y\000\040\000F\000i\000n\000d\000i\000n\000g\000s\000\040\000f\000r\000o\000m\000\040\000A\000b\000l\000a\000t\000i\000o\000n\000\040\000S\000t\000u\000d\000y}{subsection.4.6}% 27
\BOOKMARK [2][]{subsection.4.7}{\376\377\000S\000t\000a\000t\000i\000s\000t\000i\000c\000a\000l\000\040\000S\000i\000g\000n\000i\000f\000i\000c\000a\000n\000c\000e}{section.4}% 28
\BOOKMARK [1][]{section.5}{\376\377\000D\000i\000s\000c\000u\000s\000s\000i\000o\000n}{}% 29
\BOOKMARK [1][]{section.6}{\376\377\000C\000o\000n\000c\000l\000u\000s\000i\000o\000n\000s}{}% 30
\BOOKMARK [1][]{section.7}{\376\377\000P\000a\000t\000e\000n\000t\000s}{}% 31
\BOOKMARK [1][]{section.8}{\376\377\000R\000e\000f\000e\000r\000e\000n\000c\000e\000s}{}% 32
